INFO  Using log config file: jar:file:/Users/brynnbateman/Downloads/ghidra_12.0.3_PUBLIC/Ghidra/Framework/Generic/lib/Generic.jar!/generic.log4j.xml (LoggingInitialization)  
INFO  Using log file: /Users/brynnbateman/Library/ghidra/ghidra_12.0.3_PUBLIC/application.log (LoggingInitialization)  
INFO  Loading user preferences: /Users/brynnbateman/Library/ghidra/ghidra_12.0.3_PUBLIC/preferences (Preferences)  
INFO  Searching for classes... (ClassSearcher)  
INFO  Class search complete (813 ms) (ClassSearcher)  
INFO  Initializing SSL Context (DefaultSSLContextInitializer)  
INFO  Initializing Random Number Generator... (SecureRandomFactory)  
INFO  Random Number Generator initialization complete: NativePRNGNonBlocking (SecureRandomFactory)  
INFO  Trust manager disabled, cacerts have not been set (DefaultTrustManagerFactory)  
ERROR SCN3.slaspec:100: in table "instruction" constructor from SCN3.slaspec:100 (SleighCompile)  
ERROR SCN3.slaspec:100: SCN3.slaspec:100:    Main section: Could not resolve at least 1 variable size (SleighCompile)  
WARN  45 NOP constructors found (SleighCompile)  
WARN  Use -n switch to list each individually (SleighCompile)  
ERROR No output produced (SleighCompile)  
ERROR Can't read language spec /Users/brynnbateman/Downloads/ghidra_12.0.3_PUBLIC/Ghidra/Processors/SCN3/data/languages/SCN3.slaspec (SleighLanguageProvider) ghidra.app.plugin.processors.sleigh.SleighException: Errors compiling /Users/brynnbateman/Downloads/ghidra_12.0.3_PUBLIC/Ghidra/Processors/SCN3/data/languages/SCN3.slaspec -- please check log messages for details
	at ghidra.app.plugin.processors.sleigh.SleighLanguage.reloadLanguage(SleighLanguage.java:474)
	at ghidra.app.plugin.processors.sleigh.SleighLanguage.initialize(SleighLanguage.java:141)
	at ghidra.app.plugin.processors.sleigh.SleighLanguage.<init>(SleighLanguage.java:106)
	at ghidra.app.plugin.processors.sleigh.SleighLanguageProvider.getLanguage(SleighLanguageProvider.java:133)
	at ghidra.program.util.DefaultLanguageService$LanguageInfo.lambda$getLanguage$0(DefaultLanguageService.java:332)
	at ghidra.util.task.TaskBuilder$TaskBuilderTask.run(TaskBuilder.java:306)
	at ghidra.util.task.Task.monitoredRun(Task.java:134)
	at ghidra.util.task.TaskBuilder.launchModal(TaskBuilder.java:233)
	at ghidra.program.util.DefaultLanguageService$LanguageInfo.getLanguage(DefaultLanguageService.java:337)
	at ghidra.program.util.DefaultLanguageService.getLanguage(DefaultLanguageService.java:64)
	at ghidra.app.util.headless.HeadlessOptions.setLanguageAndCompiler(HeadlessOptions.java:413)
	at ghidra.app.util.headless.AnalyzeHeadless.parseOptions(AnalyzeHeadless.java:435)
	at ghidra.app.util.headless.AnalyzeHeadless.launch(AnalyzeHeadless.java:187)
	at ghidra.GhidraLauncher.launch(GhidraLauncher.java:81)
	at ghidra.Ghidra.main(Ghidra.java:54)
 
ERROR Loading language 'SCN3:LE:32:default' - Uncaught Exception: ghidra.app.plugin.processors.sleigh.SleighException: Errors compiling /Users/brynnbateman/Downloads/ghidra_12.0.3_PUBLIC/Ghidra/Processors/SCN3/data/languages/SCN3.slaspec -- please check log messages for details (TaskBuilderTask) ghidra.app.plugin.processors.sleigh.SleighException: Errors compiling /Users/brynnbateman/Downloads/ghidra_12.0.3_PUBLIC/Ghidra/Processors/SCN3/data/languages/SCN3.slaspec -- please check log messages for details
	at ghidra.app.plugin.processors.sleigh.SleighLanguage.reloadLanguage(SleighLanguage.java:474)
	at ghidra.app.plugin.processors.sleigh.SleighLanguage.initialize(SleighLanguage.java:141)
	at ghidra.app.plugin.processors.sleigh.SleighLanguage.<init>(SleighLanguage.java:106)
	at ghidra.app.plugin.processors.sleigh.SleighLanguageProvider.getLanguage(SleighLanguageProvider.java:133)
	at ghidra.program.util.DefaultLanguageService$LanguageInfo.lambda$getLanguage$0(DefaultLanguageService.java:332)
	at ghidra.util.task.TaskBuilder$TaskBuilderTask.run(TaskBuilder.java:306)
	at ghidra.util.task.Task.monitoredRun(Task.java:134)
	at ghidra.util.task.TaskBuilder.launchModal(TaskBuilder.java:233)
	at ghidra.program.util.DefaultLanguageService$LanguageInfo.getLanguage(DefaultLanguageService.java:337)
	at ghidra.program.util.DefaultLanguageService.getLanguage(DefaultLanguageService.java:64)
	at ghidra.app.util.headless.HeadlessOptions.setLanguageAndCompiler(HeadlessOptions.java:413)
	at ghidra.app.util.headless.AnalyzeHeadless.parseOptions(AnalyzeHeadless.java:435)
	at ghidra.app.util.headless.AnalyzeHeadless.launch(AnalyzeHeadless.java:187)
	at ghidra.GhidraLauncher.launch(GhidraLauncher.java:81)
	at ghidra.Ghidra.main(Ghidra.java:54)
 
ERROR SCN3.slaspec:100: in table "instruction" constructor from SCN3.slaspec:100 (SleighCompile)  
ERROR SCN3.slaspec:100: SCN3.slaspec:100:    Main section: Could not resolve at least 1 variable size (SleighCompile)  
WARN  45 NOP constructors found (SleighCompile)  
WARN  Use -n switch to list each individually (SleighCompile)  
ERROR No output produced (SleighCompile)  
ERROR Can't read language spec /Users/brynnbateman/Downloads/ghidra_12.0.3_PUBLIC/Ghidra/Processors/SCN3/data/languages/SCN3.slaspec (SleighLanguageProvider) ghidra.app.plugin.processors.sleigh.SleighException: Errors compiling /Users/brynnbateman/Downloads/ghidra_12.0.3_PUBLIC/Ghidra/Processors/SCN3/data/languages/SCN3.slaspec -- please check log messages for details
	at ghidra.app.plugin.processors.sleigh.SleighLanguage.reloadLanguage(SleighLanguage.java:474)
	at ghidra.app.plugin.processors.sleigh.SleighLanguage.initialize(SleighLanguage.java:141)
	at ghidra.app.plugin.processors.sleigh.SleighLanguage.<init>(SleighLanguage.java:106)
	at ghidra.app.plugin.processors.sleigh.SleighLanguageProvider.getLanguage(SleighLanguageProvider.java:133)
	at ghidra.program.util.DefaultLanguageService$LanguageInfo.getLanguage(DefaultLanguageService.java:341)
	at ghidra.program.util.DefaultLanguageService.getLanguage(DefaultLanguageService.java:64)
	at ghidra.app.util.headless.HeadlessOptions.setLanguageAndCompiler(HeadlessOptions.java:413)
	at ghidra.app.util.headless.AnalyzeHeadless.parseOptions(AnalyzeHeadless.java:435)
	at ghidra.app.util.headless.AnalyzeHeadless.launch(AnalyzeHeadless.java:187)
	at ghidra.GhidraLauncher.launch(GhidraLauncher.java:81)
	at ghidra.Ghidra.main(Ghidra.java:54)
 
